████████████████████████████████████████████████████████████████
  GNN-EADD PHASE 2 — CUDA-Accelerated Pipeline
████████████████████████████████████████████████████████████████
[✓] CUDA kernels already installed

============================================================
  KERNEL CORRECTNESS TESTS
============================================================
  [1] Smoothness Loss  | CUDA=1.879253 Ref=1.879253 Err=0.00e+00 ✓
  [2] GAT Attention    | MaxErr=7.63e-06 ✓
  [3] Neighbor Agg     | MaxErr=7.15e-07 ✓
  [4] Tiled MatMul     | MaxErr=8.58e-06 ✓

  All tests PASSED ✓

============================================================
  MODEL TRAINING
============================================================
[Device] Using: cuda

[Data] Loading graph from data/graph.pt...

[Config] N=22500, feat_dim=8, embed_dim=128, hidden_dim=64
[Config] GAE epochs=200, GAT epochs=100, lr=0.001, λ=0.5

============================================================
  STAGE 1: GAE Unsupervised Training
============================================================
  [GAE E   1]  recon_loss = 15.725334
  [GAE E  20]  recon_loss = 1.049022
  [GAE E  40]  recon_loss = 0.765079
  [GAE E  60]  recon_loss = 0.729153
  [GAE E  80]  recon_loss = 0.719239
  [GAE E 100]  recon_loss = 0.715219
  [GAE E 120]  recon_loss = 0.712624
  [GAE E 140]  recon_loss = 0.710691
  [GAE E 160]  recon_loss = 0.709189
  [GAE E 180]  recon_loss = 0.707999
  [GAE E 200]  recon_loss = 0.707040
  GAE training done in 47.564s. Final loss: 0.707040

[Stage 1 done] Z shape: torch.Size([22500, 128]), Z range: [-0.7023, 0.8315]

============================================================
  STAGE 2: GAT Semi-supervised Training
============================================================
  [GAT E   1]  loss=1.17311  sup=1.17311  unsup=0.00000
  [GAT E  10]  loss=1.03219  sup=1.03219  unsup=0.00000
  [GAT E  20]  loss=0.80216  sup=0.80216  unsup=0.00000
  [GAT E  30]  loss=0.63463  sup=0.63462  unsup=0.00001
  [GAT E  40]  loss=0.54362  sup=0.54362  unsup=0.00001
  [GAT E  50]  loss=0.47213  sup=0.47212  unsup=0.00001
  [GAT E  60]  loss=0.42245  sup=0.42244  unsup=0.00002
  [GAT E  70]  loss=0.38701  sup=0.38700  unsup=0.00002
  [GAT E  80]  loss=0.36082  sup=0.36081  unsup=0.00002
  [GAT E  90]  loss=0.33954  sup=0.33953  unsup=0.00002
  [GAT E 100]  loss=0.32185  sup=0.32184  unsup=0.00002
  GAT training done in 6.838s. Final loss: 0.32185

============================================================
  STAGE 3: Evaluation (on held-out splits)
============================================================

[Validation Results]
  AUC-ROC    : 0.9761
  AUC-PR     : 0.8947
  F1-score   : 0.7523
  Precision  : 0.6363
  Recall     : 0.9200
  Prec@K     : 1.0000
  Recall@K   : 0.0296

[Test (Unseen) Results]
  AUC-ROC    : 0.9747
  AUC-PR     : 0.8870
  F1-score   : 0.7449
  Precision  : 0.6251
  Recall     : 0.9215
  Prec@K     : 1.0000
  Recall@K   : 0.0296

[Saved] checkpoint -> results/checkpoint.pt

[Visualization] Generating plots...
[Plot] Saved: results/loss_curves.png
[Plot] Saved: results/anomaly_scores.png
[Plot] Saved: results/roc_pr_curves.png
[Plot] Graph too large for networkx spring_layout (22500 nodes). Skipping structure visualization.
[Visualization] All plots saved to results/

============================================================
  INFERENCE COMPARISON: CUDA Kernels vs PyTorch-Only
============================================================
  Benchmarking 22 runs on 22500 nodes...
  (COO edges pre-computed for 3 GAT + 3 GAE relation types)

  Averaged over 22 inference passes on 22500 nodes:

  ┌──────────────────────┬──────────────┬──────────────┬──────────┐
  │ Inference Stage      │ PyTorch (ms) │ CUDA K. (ms) │ Speedup  │
  ├──────────────────────┼──────────────┼──────────────┼──────────┤
  │ GAE Encode (Stage 1) │      21.239 │       0.655 │   32.43x │
  │ GAT Score  (Stage 2) │       2.681 │       1.615 │    1.66x │
  └──────────────────────┴──────────────┴──────────────┴──────────┘

  Accuracy Verification (held-out test set):
    PyTorch-Only  AUC-ROC: 0.9747   F1: 0.7449
    CUDA Kernels  AUC-ROC: 0.9747   F1: 0.7449
    Max score difference : 3.58e-07  ✓ IDENTICAL

████████████████████████████████████████████████████████████████
  GNN-EADD PHASE 2 — COMPLETE
████████████████████████████████████████████████████████████████
  Results directory: results/
  Files generated:
    • accuracy_comparison.png (47,934 bytes)
    • analysis.txt (0 bytes)
    • anomaly_scores.png (62,056 bytes)
    • baseline_if_metrics.npy (478 bytes)
    • baseline_pyg_metrics.npy (518 bytes)
    • benchmark_table.md (2,348 bytes)
    • benchmark_times.png (135,186 bytes)
    • checkpoint.pt (11,791,458 bytes)
    • graph_structure.png (1,502,993 bytes)
    • loss_curves.png (69,961 bytes)
    • resource_utilization.png (80,471 bytes)
    • roc_pr_curves.png (73,664 bytes)
    • speedup_chart.png (210,272 bytes)
    • time_distribution_pie.png (128,148 bytes)
████████████████████████████████████████████████████████████████

